<?xml version="1.0" encoding="UTF-8"?>
<!-- Generated by org.testng.reporters.JUnitXMLReporter -->
<testsuite ignored="1" hostname="DESKTOP-15GLH6P" failures="0" tests="2" name="Google Test" time="14.917" errors="0" timestamp="2024-03-27T21:30:30 IST">
  <testcase classname="TestNgSessions.GoogleTest" name="imageTest" time="0.039"/>
  <testcase classname="TestNgSessions.GoogleTest" name="urlTest" time="0.009"/>
  <testcase classname="TestNgSessions.GoogleTest" name="titleTest" time="0.0">
    <ignored/>
  </testcase> <!-- titleTest -->
</testsuite> <!-- Google Test -->
