<?xml version="1.0" encoding="UTF-8"?>
<!-- Generated by org.testng.reporters.JUnitXMLReporter -->
<testsuite ignored="0" hostname="DESKTOP-15GLH6P" failures="0" tests="3" name="Default test" time="4.321" errors="0" timestamp="2024-03-27T16:23:20 IST">
  <testcase classname="TestNgSessions.GoogleTest" name="imageTest" time="0.087"/>
  <testcase classname="TestNgSessions.GoogleTest" name="titleTest" time="0.014"/>
  <testcase classname="TestNgSessions.GoogleTest" name="urlTest" time="0.012"/>
</testsuite> <!-- Default test -->
