<?xml version="1.0" encoding="UTF-8"?>
<testng-results ignored="0" total="7" passed="7" failed="0" skipped="0">
  <reporter-output>
  </reporter-output>
  <suite started-at="2024-03-27T21:30:15 IST" name="TestNG Test Suite" finished-at="2024-03-27T21:30:35 IST" duration-ms="20726">
    <groups>
    </groups>
    <test started-at="2024-03-27T21:30:15 IST" name="Google Test" finished-at="2024-03-27T21:30:30 IST" duration-ms="14917">
      <class name="TestNgSessions.GoogleTest">
        <test-method is-config="true" signature="setup(java.lang.String,java.lang.String,java.lang.String)[pri:0, instance:TestNgSessions.GoogleTest@1349883]" started-at="2024-03-27T21:30:15 IST" name="setup" finished-at="2024-03-27T21:30:30 IST" duration-ms="14732" status="PASS">
          <params>
            <param index="0">
              <value>
                <![CDATA[https://www.google.com]]>
              </value>
            </param>
            <param index="1">
              <value>
                <![CDATA[chrome]]>
              </value>
            </param>
            <param index="2">
              <value>
                <![CDATA[true]]>
              </value>
            </param>
          </params>
          <reporter-output>
          </reporter-output>
        </test-method> <!-- setup -->
        <test-method signature="imageTest()[pri:2, instance:TestNgSessions.GoogleTest@1349883]" started-at="2024-03-27T21:30:30 IST" name="imageTest" finished-at="2024-03-27T21:30:30 IST" duration-ms="39" status="PASS">
          <reporter-output>
          </reporter-output>
        </test-method> <!-- imageTest -->
        <test-method signature="urlTest()[pri:3, instance:TestNgSessions.GoogleTest@1349883]" started-at="2024-03-27T21:30:30 IST" name="urlTest" finished-at="2024-03-27T21:30:30 IST" duration-ms="9" status="PASS">
          <reporter-output>
          </reporter-output>
        </test-method> <!-- urlTest -->
        <test-method is-config="true" signature="tearDown()[pri:0, instance:TestNgSessions.GoogleTest@1349883]" started-at="2024-03-27T21:30:30 IST" name="tearDown" finished-at="2024-03-27T21:30:30 IST" duration-ms="107" status="PASS">
          <reporter-output>
          </reporter-output>
        </test-method> <!-- tearDown -->
      </class> <!-- TestNgSessions.GoogleTest -->
    </test> <!-- Google Test -->
    <test started-at="2024-03-27T21:30:15 IST" name="OpenCart Test" finished-at="2024-03-27T21:30:30 IST" duration-ms="14917">
      <class name="TestNgSessions.OpenCartLoginTest">
        <test-method is-config="true" signature="setup(java.lang.String,java.lang.String,java.lang.String)[pri:0, instance:TestNgSessions.OpenCartLoginTest@23e84203]" started-at="2024-03-27T21:30:15 IST" name="setup" finished-at="2024-03-27T21:30:28 IST" duration-ms="13447" status="PASS">
          <params>
            <param index="0">
              <value>
                <![CDATA[https://naveenautomationlabs.com/opencart/index.php?route=account/login]]>
              </value>
            </param>
            <param index="1">
              <value>
                <![CDATA[edge]]>
              </value>
            </param>
            <param index="2">
              <value>
                <![CDATA[true]]>
              </value>
            </param>
          </params>
          <reporter-output>
          </reporter-output>
        </test-method> <!-- setup -->
        <test-method signature="titleTest()[pri:1, instance:TestNgSessions.OpenCartLoginTest@23e84203]" started-at="2024-03-27T21:30:28 IST" name="titleTest" finished-at="2024-03-27T21:30:28 IST" duration-ms="38" status="PASS">
          <reporter-output>
          </reporter-output>
        </test-method> <!-- titleTest -->
        <test-method signature="imageTest()[pri:2, instance:TestNgSessions.OpenCartLoginTest@23e84203]" started-at="2024-03-27T21:30:28 IST" name="imageTest" finished-at="2024-03-27T21:30:28 IST" duration-ms="49" status="PASS">
          <reporter-output>
          </reporter-output>
        </test-method> <!-- imageTest -->
        <test-method signature="urlTest()[pri:3, instance:TestNgSessions.OpenCartLoginTest@23e84203]" started-at="2024-03-27T21:30:28 IST" name="urlTest" finished-at="2024-03-27T21:30:28 IST" duration-ms="9" status="PASS">
          <reporter-output>
          </reporter-output>
        </test-method> <!-- urlTest -->
        <test-method is-config="true" signature="tearDown()[pri:0, instance:TestNgSessions.OpenCartLoginTest@23e84203]" started-at="2024-03-27T21:30:28 IST" name="tearDown" finished-at="2024-03-27T21:30:30 IST" duration-ms="1287" status="PASS">
          <reporter-output>
          </reporter-output>
        </test-method> <!-- tearDown -->
      </class> <!-- TestNgSessions.OpenCartLoginTest -->
    </test> <!-- OpenCart Test -->
    <test started-at="2024-03-27T21:30:15 IST" name="OrangeHRM Test" finished-at="2024-03-27T21:30:35 IST" duration-ms="20726">
      <class name="TestNgSessions.OrangeHRMTest">
        <test-method is-config="true" signature="setup(java.lang.String,java.lang.String,java.lang.String)[pri:0, instance:TestNgSessions.OrangeHRMTest@609e8838]" started-at="2024-03-27T21:30:15 IST" name="setup" finished-at="2024-03-27T21:30:32 IST" duration-ms="16717" status="PASS">
          <params>
            <param index="0">
              <value>
                <![CDATA[https://www.orangehrm.com/30-day-free-trial/]]>
              </value>
            </param>
            <param index="1">
              <value>
                <![CDATA[firefox]]>
              </value>
            </param>
            <param index="2">
              <value>
                <![CDATA[true]]>
              </value>
            </param>
          </params>
          <reporter-output>
          </reporter-output>
        </test-method> <!-- setup -->
        <test-method signature="titleTest()[pri:1, instance:TestNgSessions.OrangeHRMTest@609e8838]" started-at="2024-03-27T21:30:32 IST" name="titleTest" finished-at="2024-03-27T21:30:32 IST" duration-ms="6" status="PASS">
          <reporter-output>
          </reporter-output>
        </test-method> <!-- titleTest -->
        <test-method signature="urlTest()[pri:2, instance:TestNgSessions.OrangeHRMTest@609e8838]" started-at="2024-03-27T21:30:32 IST" name="urlTest" finished-at="2024-03-27T21:30:32 IST" duration-ms="25" status="PASS">
          <reporter-output>
          </reporter-output>
        </test-method> <!-- urlTest -->
        <test-method is-config="true" signature="tearDown()[pri:0, instance:TestNgSessions.OrangeHRMTest@609e8838]" started-at="2024-03-27T21:30:32 IST" name="tearDown" finished-at="2024-03-27T21:30:35 IST" duration-ms="3947" status="PASS">
          <reporter-output>
          </reporter-output>
        </test-method> <!-- tearDown -->
      </class> <!-- TestNgSessions.OrangeHRMTest -->
    </test> <!-- OrangeHRM Test -->
  </suite> <!-- TestNG Test Suite -->
</testng-results>
